<?xml version="1.0" encoding="UTF-8"?>
<!-- Generated by org.testng.reporters.JUnitReportReporter -->
<testsuite hostname="Lenovo" failures="0" tests="1" name="org.muviereck.SignUPLoginTestcase.TC_login_01" time="4.360" errors="0" timestamp="2023-03-27T09:44:05 IST" skipped="0">
  <testcase classname="org.muviereck.SignUPLoginTestcase.TC_login_01" name="logintestforgetext" time="4.360"/>
  <system-out/>
</testsuite> <!-- org.muviereck.SignUPLoginTestcase.TC_login_01 -->
