<?xml version="1.0" encoding="UTF-8"?>
<!-- Generated by org.testng.reporters.JUnitReportReporter -->
<testsuite hostname="Lenovo" failures="0" tests="1" name="org.muviereck.myorder.TestCase.TC_Record_01" time="8.577" errors="0" timestamp="2023-04-04T15:00:44 IST" skipped="0">
  <testcase classname="org.muviereck.myorder.TestCase.TC_Record_01" name="recordtest" time="8.577"/>
  <system-out/>
</testsuite> <!-- org.muviereck.myorder.TestCase.TC_Record_01 -->
