<?xml version="1.0" encoding="UTF-8"?>
<!-- Generated by org.testng.reporters.JUnitReportReporter -->
<testsuite hostname="Lenovo" failures="0" tests="3" name="org.muviereck.mycard.TestCase.TC_Design_01" time="55.079" errors="0" timestamp="2023-04-06T10:49:06 IST" skipped="0">
  <testcase classname="org.muviereck.mycard.TestCase.TC_Design_01" name="designtest" time="36.868"/>
  <system-out/>
  <testcase classname="org.muviereck.mycard.TestCase.TC_Design_01" name="designtestok" time="8.575"/>
  <system-out/>
  <testcase classname="org.muviereck.mycard.TestCase.TC_Design_01" name="designtestback" time="9.636"/>
  <system-out/>
</testsuite> <!-- org.muviereck.mycard.TestCase.TC_Design_01 -->
