<?xml version="1.0" encoding="UTF-8"?>
<!-- Generated by org.testng.reporters.JUnitReportReporter -->
<testsuite hostname="Lenovo" failures="0" tests="1" name="org.muviereck.newcardsTestCase.TC_Design_01" time="48.140" errors="0" timestamp="2023-04-06T10:45:10 IST" skipped="0">
  <testcase classname="org.muviereck.newcardsTestCase.TC_Design_01" name="designtestback" time="48.140"/>
  <system-out/>
</testsuite> <!-- org.muviereck.newcardsTestCase.TC_Design_01 -->
