<?xml version="1.0" encoding="UTF-8"?>
<!-- Generated by org.testng.reporters.JUnitReportReporter -->
<testsuite hostname="Lenovo" failures="0" tests="1" name="org.muviereck.yetlocardsTestCase.TC_ActionNewcard_01" time="36.248" errors="0" timestamp="2023-03-29T22:02:40 IST" skipped="0">
  <testcase classname="org.muviereck.yetlocardsTestCase.TC_ActionNewcard_01" name="newcard" time="36.248"/>
  <system-out/>
</testsuite> <!-- org.muviereck.yetlocardsTestCase.TC_ActionNewcard_01 -->
