<?xml version="1.0" encoding="UTF-8"?>
<!-- Generated by org.testng.reporters.JUnitReportReporter -->
<testsuite hostname="Lenovo" failures="0" tests="1" name="org.muviereck.ProfileTestCase.TC_EditProfile_01" time="10.482" errors="0" timestamp="2023-04-11T16:43:55 IST" skipped="0">
  <testcase classname="org.muviereck.ProfileTestCase.TC_EditProfile_01" name="profilespcl" time="10.482"/>
  <system-out/>
</testsuite> <!-- org.muviereck.ProfileTestCase.TC_EditProfile_01 -->
