<?xml version="1.0" encoding="UTF-8"?>
<!-- Generated by org.testng.reporters.JUnitReportReporter -->
<testsuite hostname="Lenovo" failures="0" tests="1" name="org.muviereck.myorder.TestCase.TC_MyOrderContains_01" time="12.837" errors="0" timestamp="2023-04-05T17:38:59 IST" skipped="0">
  <testcase classname="org.muviereck.myorder.TestCase.TC_MyOrderContains_01" name="containstestentpositive" time="12.837"/>
  <system-out/>
</testsuite> <!-- org.muviereck.myorder.TestCase.TC_MyOrderContains_01 -->
