<?xml version="1.0" encoding="UTF-8"?>
<!-- Generated by org.testng.reporters.JUnitReportReporter -->
<testsuite hostname="Lenovo" failures="0" tests="1" name="org.muviereck.visitingCard.TestCase.TC_VistingcardQR_01" time="19.982" errors="0" timestamp="2023-04-05T17:21:50 IST" skipped="0">
  <testcase classname="org.muviereck.visitingCard.TestCase.TC_VistingcardQR_01" name="vistQRTest" time="19.982"/>
  <system-out/>
</testsuite> <!-- org.muviereck.visitingCard.TestCase.TC_VistingcardQR_01 -->
