<?xml version="1.0" encoding="UTF-8"?>
<!-- Generated by org.testng.reporters.JUnitReportReporter -->
<testsuite hostname="Lenovo" failures="0" tests="1" name="org.muviereck.newcardsTestCase.TC_BusniessInfo_01" time="75.619" errors="0" timestamp="2023-04-12T09:49:37 IST" skipped="0">
  <testcase classname="org.muviereck.newcardsTestCase.TC_BusniessInfo_01" name="Busniessinfoenterpos" time="75.619"/>
  <system-out/>
</testsuite> <!-- org.muviereck.newcardsTestCase.TC_BusniessInfo_01 -->
