<?xml version="1.0" encoding="UTF-8"?>
<!-- Generated by org.testng.reporters.JUnitReportReporter -->
<testsuite hostname="Lenovo" failures="0" tests="1" name="org.muviereck.visitingCard.TestCase.VisitingAll" time="8.941" errors="0" timestamp="2023-03-31T15:19:04 IST" skipped="0">
  <testcase classname="org.muviereck.visitingCard.TestCase.VisitingAll" name="visitingtest" time="8.941"/>
  <system-out/>
</testsuite> <!-- org.muviereck.visitingCard.TestCase.VisitingAll -->
