<?xml version="1.0" encoding="UTF-8"?>
<!-- Generated by org.testng.reporters.JUnitReportReporter -->
<testsuite hostname="Lenovo" failures="0" tests="2" name="org.muviereck.SignUPLoginTestcase.TC_SignUp_01" time="42.550" errors="0" timestamp="2023-03-25T12:38:29 IST" skipped="0">
  <testcase classname="org.muviereck.SignUPLoginTestcase.TC_SignUp_01" name="signuptestemail" time="22.912"/>
  <system-out/>
  <testcase classname="org.muviereck.SignUPLoginTestcase.TC_SignUp_01" name="signuptestemailspcl" time="19.638"/>
  <system-out/>
</testsuite> <!-- org.muviereck.SignUPLoginTestcase.TC_SignUp_01 -->
