<?xml version="1.0" encoding="UTF-8"?>
<!-- Generated by org.testng.reporters.JUnitReportReporter -->
<testsuite hostname="Lenovo" failures="0" tests="2" name="org.muviereck.mycard.TestCase.TC_sendcard_01" time="38.129" errors="0" timestamp="2023-04-06T12:55:46 IST" skipped="0">
  <testcase classname="org.muviereck.mycard.TestCase.TC_sendcard_01" name="sendcardtemail" time="21.493"/>
  <system-out/>
  <testcase classname="org.muviereck.mycard.TestCase.TC_sendcard_01" name="sendcardweb" time="16.636"/>
  <system-out/>
</testsuite> <!-- org.muviereck.mycard.TestCase.TC_sendcard_01 -->
